19:44:02 [INFO] Converting command to Vec<u8>: Add(Constant(Number(12)), StepPitch(Number(0)))
19:44:02 [INFO] Converting command to Vec<u8>: Add(StepPitch(Number(2)), StepVelocity(Number(10)))
19:44:02 [INFO] Converting u8 data to NSLScript
19:44:02 [INFO] Data size: 74
19:44:02 [INFO] Converted step 4: Set(MemoryBuffer(Number(0)), Params(Number(0)))
19:44:02 [INFO] Converted step 9: Divide(MemoryBuffer(Number(0)), Constant(Number(3)))
19:44:02 [INFO] Converted step 14: Set(MemoryBuffer(Number(1)), Params(Number(1)))
19:44:02 [INFO] Converted step 19: Divide(MemoryBuffer(Number(1)), Constant(Number(3)))
19:44:02 [INFO] Converted step 24: GenerateEuclidean(MemoryBuffer(Number(0)), MemoryBuffer(Number(1)))
19:44:02 [INFO] Converted step 29: Set(MemoryBuffer(Number(0)), Constant(Number(0)))
19:44:02 [INFO] Converted step 34: LoopSet(Constant(Number(32)))
19:44:02 [INFO] Converted step 37: CondGT(StepVelocity(Buffer(0)), Constant(Number(0)))
19:44:02 [INFO] Converted step 42: Set(MemoryBuffer(Number(1)), RandomNote(Number(40)))
19:44:02 [INFO] Converted step 47: Set(StepPitch(Buffer(0)), Scale(Buffer(1)))
19:44:02 [INFO] Converted step 52: Add(StepPitch(Buffer(0)), Constant(Number(48)))
19:44:02 [INFO] Converted step 57: Set(StepLength(Buffer(0)), Constant(Number(1)))
19:44:02 [INFO] Converted step 62: Set(StepDensity(Buffer(0)), Random(Number(49)))
19:44:02 [INFO] Converted step 67: CondEnd
19:44:02 [INFO] Converted step 68: Add(MemoryBuffer(Number(0)), Constant(Number(1)))
19:44:02 [INFO] Converted step 73: LoopEnd
19:44:02 [INFO] Converting command to Vec<u8>: Set(MemoryBuffer(Number(0)), Params(Number(0)))
19:44:02 [INFO] Converting command to Vec<u8>: Divide(MemoryBuffer(Number(0)), Constant(Number(3)))
19:44:02 [INFO] Converting command to Vec<u8>: Set(MemoryBuffer(Number(1)), Params(Number(1)))
19:44:02 [INFO] Converting command to Vec<u8>: Divide(MemoryBuffer(Number(1)), Constant(Number(3)))
19:44:02 [INFO] Converting command to Vec<u8>: GenerateEuclidean(MemoryBuffer(Number(0)), MemoryBuffer(Number(1)))
19:44:02 [INFO] Converting command to Vec<u8>: Set(MemoryBuffer(Number(0)), Constant(Number(0)))
19:44:02 [INFO] Converting command to Vec<u8>: LoopSet(Constant(Number(32)))
19:44:02 [INFO] Converting command to Vec<u8>: CondGT(StepVelocity(Buffer(0)), Constant(Number(0)))
19:44:02 [INFO] Converting command to Vec<u8>: Set(MemoryBuffer(Number(1)), RandomNote(Number(40)))
19:44:02 [INFO] Converting command to Vec<u8>: Set(StepPitch(Buffer(0)), Scale(Buffer(1)))
19:44:02 [INFO] Converting command to Vec<u8>: Add(StepPitch(Buffer(0)), Constant(Number(48)))
19:44:02 [INFO] Converting command to Vec<u8>: Set(StepLength(Buffer(0)), Constant(Number(1)))
19:44:02 [INFO] Converting command to Vec<u8>: Set(StepDensity(Buffer(0)), Random(Number(49)))
19:44:02 [INFO] Converting command to Vec<u8>: CondEnd
19:44:02 [INFO] Converting command to Vec<u8>: Add(MemoryBuffer(Number(0)), Constant(Number(1)))
19:44:02 [INFO] Converting command to Vec<u8>: LoopEnd
19:44:02 [INFO] Converting command to Vec<u8>: Set(MemoryBuffer(Number(0)), Params(Number(0)))
19:44:02 [INFO] Converting command to Vec<u8>: Divide(MemoryBuffer(Number(0)), Constant(Number(3)))
19:44:02 [INFO] Converting command to Vec<u8>: Set(MemoryBuffer(Number(1)), Params(Number(1)))
19:44:02 [INFO] Converting command to Vec<u8>: Divide(MemoryBuffer(Number(1)), Constant(Number(3)))
19:44:02 [INFO] Converting command to Vec<u8>: GenerateEuclidean(MemoryBuffer(Number(0)), MemoryBuffer(Number(1)))
19:44:02 [INFO] Converting command to Vec<u8>: Set(MemoryBuffer(Number(0)), Constant(Number(0)))
19:44:02 [INFO] Converting command to Vec<u8>: LoopSet(Constant(Number(32)))
19:44:02 [INFO] Converting command to Vec<u8>: CondGT(StepVelocity(Buffer(0)), Constant(Number(0)))
19:44:02 [INFO] Converting command to Vec<u8>: Set(MemoryBuffer(Number(1)), RandomNote(Number(40)))
19:44:02 [INFO] Converting command to Vec<u8>: Set(StepPitch(Buffer(0)), Scale(Buffer(1)))
19:44:02 [INFO] Converting command to Vec<u8>: Add(StepPitch(Buffer(0)), Constant(Number(48)))
19:44:02 [INFO] Converting command to Vec<u8>: Set(StepLength(Buffer(0)), Constant(Number(1)))
19:44:02 [INFO] Converting command to Vec<u8>: Set(StepDensity(Buffer(0)), Random(Number(49)))
19:44:02 [INFO] Converting command to Vec<u8>: CondEnd
19:44:02 [INFO] Converting command to Vec<u8>: Add(MemoryBuffer(Number(0)), Constant(Number(1)))
19:44:02 [INFO] Converting command to Vec<u8>: LoopEnd
